#
# There is insufficient memory for the Java Runtime Environment to continue.
# Native memory allocation (mmap) failed to map 264241152 bytes. Error detail: G1 virtual space
# Possible reasons:
#   The system is out of physical RAM or swap space
#   This process is running with CompressedOops enabled, and the Java Heap may be blocking the growth of the native heap
# Possible solutions:
#   Reduce memory load on the system
#   Increase physical memory or swap space
#   Check if swap backing store is full
#   Decrease Java heap size (-Xmx/-Xms)
#   Decrease number of Java threads
#   Decrease Java thread stack sizes (-Xss)
#   Set larger code cache with -XX:ReservedCodeCacheSize=
#   JVM is running with Zero Based Compressed Oops mode in which the Java heap is
#     placed in the first 32GB address space. The Java Heap base address is the
#     maximum limit for the native heap growth. Please use -XX:HeapBaseMinAddress
#     to set the Java Heap base and to place the Java Heap above 32GB virtual address.
# This output file may be truncated or incomplete.
#
#  Out of Memory Error (os_windows.cpp:3564), pid=40696, tid=27776
#
# JRE version:  (24.0+36) (build )
# Java VM: Java HotSpot(TM) 64-Bit Server VM (24+36-3646, mixed mode, sharing, tiered, compressed oops, compressed class ptrs, g1 gc, windows-amd64)
# No core dump will be written. Minidumps are not enabled by default on client versions of Windows
#

---------------  S U M M A R Y ------------

Command Line: -Dfile.encoding=UTF-8 -Dstdout.encoding=UTF-8 -Dstderr.encoding=UTF-8 -XX:+ShowCodeDetailsInExceptionMessages java_graphic.Lesson40

Host: 11th Gen Intel(R) Core(TM) i7-11800H @ 2.30GHz, 16 cores, 15G,  Windows 11 , 64 bit Build 26100 (10.0.26100.4202)
Time: Sat Jun 14 14:54:49 2025 FLE Summer Time elapsed time: 1.085691 seconds (0d 0h 0m 1s)

---------------  T H R E A D  ---------------

Current thread (0x0000028a9bc425d0):  JavaThread "Unknown thread" [_thread_in_vm, id=27776, stack(0x000000e543000000,0x000000e543100000) (1024K)]

Stack: [0x000000e543000000,0x000000e543100000]
Native frames: (J=compiled Java code, j=interpreted, Vv=VM code, C=native code)
V  [jvm.dll+0x7308c9]  (no source info available)
V  [jvm.dll+0x8d9ca3]  (no source info available)
V  [jvm.dll+0x8dc13d]  (no source info available)
V  [jvm.dll+0x8dc7b3]  (no source info available)
V  [jvm.dll+0x2aa046]  (no source info available)
V  [jvm.dll+0x72cdf5]  (no source info available)
V  [jvm.dll+0x72091a]  (no source info available)
V  [jvm.dll+0x390d8a]  (no source info available)
V  [jvm.dll+0x398a96]  (no source info available)
V  [jvm.dll+0x3852de]  (no source info available)
V  [jvm.dll+0x385598]  (no source info available)
V  [jvm.dll+0x35d16c]  (no source info available)
V  [jvm.dll+0x35de2d]  (no source info available)
V  [jvm.dll+0x89d41f]  (no source info available)
V  [jvm.dll+0x3f98fd]  (no source info available)
V  [jvm.dll+0x885a76]  (no source info available)
V  [jvm.dll+0x49604e]  (no source info available)
V  [jvm.dll+0x497e21]  (no source info available)
C  [jli.dll+0x52a1]  (no source info available)
C  [ucrtbase.dll+0x37b0]  (no source info available)
C  [KERNEL32.DLL+0x2e8d7]  (no source info available)
C  [ntdll.dll+0x3c34c]  (no source info available)

Lock stack of current Java thread (top to bottom):


---------------  P R O C E S S  ---------------

Threads class SMR info:
_java_thread_list=0x00007ffc649ff318, length=0, elements={
}

Java Threads: ( => current thread )
Total: 0

Other Threads:
  0x0000028a9d783740 WorkerThread "GC Thread#0"                     [id=36168, stack(0x000000e543100000,0x000000e543200000) (1024K)]
  0x0000028a9d798250 ConcurrentGCThread "G1 Main Marker"            [id=41064, stack(0x000000e543200000,0x000000e543300000) (1024K)]
  0x0000028a9d79a350 WorkerThread "G1 Conc#0"                       [id=40180, stack(0x000000e543300000,0x000000e543400000) (1024K)]

[error occurred during error reporting (printing all threads), id 0xc0000005, EXCEPTION_ACCESS_VIOLATION (0xc0000005) at pc=0x00007ffc6413158a]
VM state: not at safepoint (not fully initialized)

VM Mutex/Monitor currently owned by a thread:  ([mutex/lock_event])
[0x00007ffc64a845c0] Heap_lock - owner thread: 0x0000028a9bc425d0

Heap address: 0x0000000704a00000, size: 4022 MB, Compressed Oops mode: Zero based, Oop shift amount: 3

CDS archive(s) mapped at: [0x0000000000000000-0x0000000000000000-0x0000000000000000), size 0, SharedBaseAddress: 0x0000000800000000, ArchiveRelocationMode: 1.
UseCompressedClassPointers 1, UseCompactObjectHeaders 0
Narrow klass pointer bits 32, Max shift 3
Narrow klass base: 0xffffffffffffffff, Narrow klass shift: -1
Encoding Range: [0xffffffffffffffff - 0x000000007fffffff), (2147483648 bytes)
Klass Range:    [0x0000000000000000 - 0x0000000000000000), (0 bytes)
Klass ID Range:  [4294967295 - 0) (1)

GC Precious Log:
 CardTable entry size: 512
 Card Set container configuration: InlinePtr #cards 4 size 8 Array Of Cards #cards 16 size 48 Howl #buckets 8 coarsen threshold 3686 Howl Bitmap #cards 512 size 80 coarsen threshold 460 Card regions per heap region 1 cards per card region 4096

Heap:
 garbage-first heap   total reserved 4118528K, committed 0K, used 0K [0x0000000704a00000, 0x0000000800000000)
  region size 2048K, 0 young (0K), 0 survivors (0K)

[error occurred during error reporting (printing heap information), id 0xc0000005, EXCEPTION_ACCESS_VIOLATION (0xc0000005) at pc=0x00007ffc6454e579]
GC Heap History (0 events):
No events

Dll operation events (1 events):
Event: 0.011 Loaded shared library C:\Program Files\Java\jdk-24\bin\java.dll

Deoptimization events (0 events):
No events

Classes loaded (0 events):
No events

Classes unloaded (0 events):
No events

Classes redefined (0 events):
No events

Internal exceptions (0 events):
No events

VM Operations (0 events):
No events

Memory protections (0 events):
No events

Nmethod flushes (0 events):
No events

Events (0 events):
No events


Dynamic libraries:
0x00007ff6c42b0000 - 0x00007ff6c42c0000 	C:\Program Files\Java\jdk-24\bin\javaw.exe
0x00007ffcd3d60000 - 0x00007ffcd3fc5000 	C:\WINDOWS\SYSTEM32\ntdll.dll
0x00007ffcd2640000 - 0x00007ffcd2709000 	C:\WINDOWS\System32\KERNEL32.DLL
0x00007ffcd0eb0000 - 0x00007ffcd1298000 	C:\WINDOWS\System32\KERNELBASE.dll
0x00007ffcd1830000 - 0x00007ffcd197b000 	C:\WINDOWS\System32\ucrtbase.dll
0x00007ffc9f4d0000 - 0x00007ffc9f4e6000 	C:\Program Files\Java\jdk-24\bin\jli.dll
0x00007ffcbab60000 - 0x00007ffcbab7b000 	C:\Program Files\Java\jdk-24\bin\VCRUNTIME140.dll
0x00007ffcd2e00000 - 0x00007ffcd2fca000 	C:\WINDOWS\System32\USER32.dll
0x00007ffcd12a0000 - 0x00007ffcd12c7000 	C:\WINDOWS\System32\win32u.dll
0x00007ffcba140000 - 0x00007ffcba3da000 	C:\WINDOWS\WinSxS\amd64_microsoft.windows.common-controls_6595b64144ccf1df_6.0.26100.4202_none_3e0698d4e335f517\COMCTL32.dll
0x00007ffcd32e0000 - 0x00007ffcd330b000 	C:\WINDOWS\System32\GDI32.dll
0x00007ffcd1bb0000 - 0x00007ffcd1c59000 	C:\WINDOWS\System32\msvcrt.dll
0x00007ffcd15a0000 - 0x00007ffcd16d7000 	C:\WINDOWS\System32\gdi32full.dll
0x00007ffcd16e0000 - 0x00007ffcd1783000 	C:\WINDOWS\System32\msvcp_win.dll
0x00007ffcd2fd0000 - 0x00007ffcd3000000 	C:\WINDOWS\System32\IMM32.DLL
0x00007ffcb3240000 - 0x00007ffcb324c000 	C:\Program Files\Java\jdk-24\bin\vcruntime140_1.dll
0x00007ffc8b680000 - 0x00007ffc8b70e000 	C:\Program Files\Java\jdk-24\bin\msvcp140.dll
0x00007ffc63dc0000 - 0x00007ffc64b62000 	C:\Program Files\Java\jdk-24\bin\server\jvm.dll
0x00007ffcd3820000 - 0x00007ffcd38d3000 	C:\WINDOWS\System32\ADVAPI32.dll
0x00007ffcd38e0000 - 0x00007ffcd3986000 	C:\WINDOWS\System32\sechost.dll
0x00007ffcd31c0000 - 0x00007ffcd32d5000 	C:\WINDOWS\System32\RPCRT4.dll
0x00007ffcd3990000 - 0x00007ffcd3a04000 	C:\WINDOWS\System32\WS2_32.dll
0x00007ffccfaf0000 - 0x00007ffccfb4e000 	C:\WINDOWS\SYSTEM32\POWRPROF.dll
0x00007ffcc2900000 - 0x00007ffcc2935000 	C:\WINDOWS\SYSTEM32\WINMM.dll
0x00007ffcc7700000 - 0x00007ffcc770b000 	C:\WINDOWS\SYSTEM32\VERSION.dll
0x00007ffccfad0000 - 0x00007ffccfae4000 	C:\WINDOWS\SYSTEM32\UMPDC.dll
0x00007ffccfd90000 - 0x00007ffccfdab000 	C:\WINDOWS\SYSTEM32\kernel.appcore.dll
0x00007ffcb2ae0000 - 0x00007ffcb2aea000 	C:\Program Files\Java\jdk-24\bin\jimage.dll
0x00007ffcce6b0000 - 0x00007ffcce8f1000 	C:\WINDOWS\SYSTEM32\DBGHELP.DLL
0x00007ffcd3310000 - 0x00007ffcd3695000 	C:\WINDOWS\System32\combase.dll
0x00007ffcd36b0000 - 0x00007ffcd3791000 	C:\WINDOWS\System32\OLEAUT32.dll
0x00007ffc9ebf0000 - 0x00007ffc9ec29000 	C:\WINDOWS\SYSTEM32\dbgcore.DLL
0x00007ffcd1790000 - 0x00007ffcd1829000 	C:\WINDOWS\System32\bcryptPrimitives.dll
0x00007ffc8e270000 - 0x00007ffc8e28e000 	C:\Program Files\Java\jdk-24\bin\java.dll
0x00007ffcd3010000 - 0x00007ffcd31ae000 	C:\WINDOWS\System32\ole32.dll
0x00007ffcd1d90000 - 0x00007ffcd24d2000 	C:\WINDOWS\System32\SHELL32.dll
0x00007ffcd1980000 - 0x00007ffcd1af4000 	C:\WINDOWS\System32\wintypes.dll

dbghelp: loaded successfully - version: 4.0.5 - missing functions: none
symbol engine: initialized successfully - sym options: 0x614 - pdb path: .;C:\Program Files\Java\jdk-24\bin;C:\WINDOWS\SYSTEM32;C:\WINDOWS\WinSxS\amd64_microsoft.windows.common-controls_6595b64144ccf1df_6.0.26100.4202_none_3e0698d4e335f517;C:\Program Files\Java\jdk-24\bin\server

VM Arguments:
jvm_args: -Dfile.encoding=UTF-8 -Dstdout.encoding=UTF-8 -Dstderr.encoding=UTF-8 -XX:+ShowCodeDetailsInExceptionMessages 
java_command: java_graphic.Lesson40
java_class_path (initial): C:\Dave\ProgrammesanasTehniki2\JAVA2\JavaWorkspace\LearningJava\bin
Launcher Type: SUN_STANDARD

[Global flags]
     intx CICompilerCount                          = 12                                        {product} {ergonomic}
     uint ConcGCThreads                            = 3                                         {product} {ergonomic}
     uint G1ConcRefinementThreads                  = 13                                        {product} {ergonomic}
   size_t G1HeapRegionSize                         = 2097152                                   {product} {ergonomic}
   size_t InitialHeapSize                          = 264241152                                 {product} {ergonomic}
   size_t MarkStackSize                            = 4194304                                   {product} {ergonomic}
   size_t MarkStackSizeMax                         = 536870912                                 {product} {ergonomic}
   size_t MaxHeapSize                              = 4217372672                                {product} {ergonomic}
   size_t MinHeapDeltaBytes                        = 2097152                                   {product} {ergonomic}
   size_t MinHeapSize                              = 8388608                                   {product} {ergonomic}
    uintx NonNMethodCodeHeapSize                   = 7602176                                {pd product} {ergonomic}
    uintx NonProfiledCodeHeapSize                  = 122093568                              {pd product} {ergonomic}
    uintx ProfiledCodeHeapSize                     = 121962496                              {pd product} {ergonomic}
    uintx ReservedCodeCacheSize                    = 251658240                              {pd product} {ergonomic}
     bool SegmentedCodeCache                       = true                                      {product} {ergonomic}
     bool ShowCodeDetailsInExceptionMessages       = true                                   {manageable} {command line}
   size_t SoftMaxHeapSize                          = 4217372672                             {manageable} {ergonomic}
     bool UseCompressedOops                        = true                           {product lp64_product} {ergonomic}
     bool UseG1GC                                  = true                                      {product} {ergonomic}
     bool UseLargePagesIndividualAllocation        = false                                  {pd product} {ergonomic}

Logging:
Log output configuration:
 #0: stdout all=warning uptime,level,tags foldmultilines=false
 #1: stderr all=off uptime,level,tags foldmultilines=false

Environment Variables:
PATH=C:\Program Files\Common Files\Oracle\Java\javapath;C:\Program Files (x86)\Razer Chroma SDK\bin;C:\Program Files\Razer Chroma SDK\bin;C:\Program Files (x86)\Razer\ChromaBroadcast\bin;C:\Program Files\Razer\ChromaBroadcast\bin;C:\WINDOWS\system32;C:\WINDOWS;C:\WINDOWS\System32\Wbem;C:\WINDOWS\System32\WindowsPowerShell\v1.0\;C:\WINDOWS\System32\OpenSSH\;C:\Program Files (x86)\NVIDIA Corporation\PhysX\Common;C:\Users\sdiva\AppData\Local\Microsoft\WindowsApps;C:\WINDOWS\system32\config\systemprofile\AppData\Local\Microsoft\WindowsApps;C:\WINDOWS\system32;C:\WINDOWS;C:\WINDOWS\System32\Wbem;C:\WINDOWS\System32\WindowsPowerShell\v1.0\;C:\WINDOWS\System32\OpenSSH\;C:\Users\sdiva\AppData\Local\Microsoft\WindowsApps;D:\Programs\Microsoft VS Code\bin
USERNAME=sdiva
OS=Windows_NT
PROCESSOR_IDENTIFIER=Intel64 Family 6 Model 141 Stepping 1, GenuineIntel
TMP=C:\Users\sdiva\AppData\Local\Temp
TEMP=C:\Users\sdiva\AppData\Local\Temp




Periodic native trim disabled

---------------  S Y S T E M  ---------------

OS:
 Windows 11 , 64 bit Build 26100 (10.0.26100.4202)
OS uptime: 0 days 5:52 hours

CPU: total 16 (initial active 16) (8 cores per cpu, 2 threads per core) family 6 model 141 stepping 1 microcode 0x26, cx8, cmov, fxsr, ht, mmx, 3dnowpref, sse, sse2, sse3, ssse3, sse4.1, sse4.2, popcnt, lzcnt, tsc, tscinvbit, avx, avx2, aes, erms, clmul, bmi1, bmi2, adx, avx512f, avx512dq, avx512cd, avx512bw, avx512vl, sha, fma, vzeroupper, avx512_vpopcntdq, avx512_vpclmulqdq, avx512_vaes, avx512_vnni, clflush, clflushopt, clwb, avx512_vbmi2, avx512_vbmi, rdtscp, rdpid, fsrm, gfni, avx512_bitalg, f16c, pku, cet_ibt, cet_ss, avx512_ifma
Processor Information for the first 16 processors :
  Max Mhz: 2301, Current Mhz: 2300, Mhz Limit: 2277

Memory: 4k page, system-wide physical 16085M (6140M free)
TotalPageFile size 65237M (AvailPageFile size 213M)
current process WorkingSet (physical memory assigned to process): 14M, peak: 14M
current process commit charge ("private bytes"): 71M, peak: 323M

vm_info: Java HotSpot(TM) 64-Bit Server VM (24+36-3646) for windows-amd64 JRE (24+36-3646), built on 2025-02-06T00:20:43Z with MS VC++ 17.6 (VS2022)

END.
